[debug] [2021-01-13T06:49:50.678Z] ----------------------------------------------------------------------
[debug] [2021-01-13T06:49:50.681Z] Command:       C:\laragon\bin\nodejs\node-v12\node.exe C:\laragon\bin\nodejs\node-v12\node_modules\firebase-tools\lib\bin\firebase.js init
[debug] [2021-01-13T06:49:50.682Z] CLI Version:   9.2.0
[debug] [2021-01-13T06:49:50.682Z] Platform:      win32
[debug] [2021-01-13T06:49:50.682Z] Node Version:  v12.5.0
[debug] [2021-01-13T06:49:50.684Z] Time:          Wed Jan 13 2021 03:49:50 GMT-0300 (GMT-03:00)
[debug] [2021-01-13T06:49:50.684Z] ----------------------------------------------------------------------
[debug] [2021-01-13T06:49:50.684Z] 
[debug] [2021-01-13T06:49:50.695Z] > command requires scopes: ["email","openid","https://www.googleapis.com/auth/cloudplatformprojects.readonly","https://www.googleapis.com/auth/firebase","https://www.googleapis.com/auth/cloud-platform"]
[debug] [2021-01-13T06:49:50.695Z] > authorizing via signed-in user
[info] 
     ######## #### ########  ######## ########     ###     ######  ########
     ##        ##  ##     ## ##       ##     ##  ##   ##  ##       ##
     ######    ##  ########  ######   ########  #########  ######  ######
     ##        ##  ##    ##  ##       ##     ## ##     ##       ## ##
     ##       #### ##     ## ######## ########  ##     ##  ######  ########

You're about to initialize a Firebase project in this directory:

  C:\xampp\htdocs\Almuerzo

Before we get started, keep in mind:

  * You are currently outside your home directory

[info] 
=== Project Setup
[info] 
[info] First, let's associate this project directory with a Firebase project.
[info] You can create multiple project aliases by running firebase use --add, 
[info] but for now we'll just set up a default project.
[info] 
[info] i  If you want to create a project in a Google Cloud organization or folder, please use "firebase projects:create" instead, and return to this command when you've created the project. 
[debug] [2021-01-13T06:50:04.134Z] >>> HTTP REQUEST POST https://cloudresourcemanager.googleapis.com/v1/projects  
 {"projectId":"..","name":"cd.."}
[debug] [2021-01-13T06:50:05.281Z] <<< HTTP RESPONSE 400 {"vary":"X-Origin, Referer, Origin,Accept-Encoding","content-type":"application/json; charset=UTF-8","date":"Wed, 13 Jan 2021 06:50:05 GMT","server":"ESF","cache-control":"private","x-xss-protection":"0","x-frame-options":"SAMEORIGIN","x-content-type-options":"nosniff","server-timing":"gfet4t7; dur=937","alt-svc":"h3-29=\":443\"; ma=2592000,h3-T051=\":443\"; ma=2592000,h3-Q050=\":443\"; ma=2592000,h3-Q046=\":443\"; ma=2592000,h3-Q043=\":443\"; ma=2592000,quic=\":443\"; ma=2592000; v=\"46,43\"","accept-ranges":"none","transfer-encoding":"chunked"}
[debug] [2021-01-13T06:50:05.282Z] <<< HTTP RESPONSE BODY {"error":{"code":400,"message":"Request contains an invalid argument.","status":"INVALID_ARGUMENT","details":[{"@type":"type.googleapis.com/google.rpc.BadRequest","fieldViolations":[{"field":"project_id","description":"project_id must be at least 6 characters long"},{"field":"project_id","description":"project_id contains invalid characters"},{"field":"display_name","description":"project display name contains invalid characters"}]},{"@type":"type.googleapis.com/google.rpc.Help","links":[{"url":"https://cloud.google.com/resource-manager/reference/rest/v1/projects"}]}]}}
[debug] [2021-01-13T06:50:05.470Z] FirebaseError: HTTP Error: 400, Request contains an invalid argument.
    at module.exports (C:\laragon\bin\nodejs\node-v12\node_modules\firebase-tools\lib\responseToError.js:38:12)
    at Request._callback (C:\laragon\bin\nodejs\node-v12\node_modules\firebase-tools\lib\api.js:41:35)
    at Request.self.callback (C:\laragon\bin\nodejs\node-v12\node_modules\firebase-tools\node_modules\request\request.js:185:22)
    at Request.emit (events.js:200:13)
    at Request.EventEmitter.emit (domain.js:471:20)
    at Request.<anonymous> (C:\laragon\bin\nodejs\node-v12\node_modules\firebase-tools\node_modules\request\request.js:1154:10)
    at Request.emit (events.js:200:13)
    at Request.EventEmitter.emit (domain.js:471:20)
    at IncomingMessage.<anonymous> (C:\laragon\bin\nodejs\node-v12\node_modules\firebase-tools\node_modules\request\request.js:1076:12)
    at Object.onceWrapper (events.js:288:20)
    at IncomingMessage.emit (events.js:205:15)
    at IncomingMessage.EventEmitter.emit (domain.js:471:20)
    at endReadableNT (_stream_readable.js:1154:12)
    at processTicksAndRejections (internal/process/task_queues.js:74:11)
[error] 
[error] Error: Failed to create project. See firebase-debug.log for more info.
